2023-09-12 07:14:43.802 [info] Extension host with pid 7542 started
2023-09-12 07:14:43.904 [info] Lock '/home/pi/.vscode-server/data/User/workspaceStorage/0ea87f4e6c0839701d1d0de72d770595/vscode.lock': Lock acquired.
2023-09-12 07:14:44.045 [info] ExtensionService#_doActivateExtension vscode.emmet, startup: false, activationEvent: 'onLanguage'
2023-09-12 07:14:44.055 [info] ExtensionService#_doActivateExtension ms-python.python, startup: false, activationEvent: 'onLanguage:python'
2023-09-12 07:14:44.931 [warning] Using default string since no string found in i18n bundle that has the key: You need to select a Python interpreter before you start debugging.

Tip: click on "Select Interpreter" in the status bar.
2023-09-12 07:14:44.931 [warning] Using default string since no string found in i18n bundle that has the key: The Python extension now includes Pylance to improve completions, code navigation, overall performance and much more! You can learn more about the update and learn how to change your language server [here](https://aka.ms/new-python-bundle).

Read Pylance's license [here](https://marketplace.visualstudio.com/items/ms-python.vscode-pylance/license).
2023-09-12 07:14:44.936 [warning] Using default string since no string found in i18n bundle that has the key: The Microsoft Python Language Server has reached end of life. Your language server has been set to the default for Python in VS Code, Pylance.

If you'd like to change your language server, you can learn about how to do so [here](https://devblogs.microsoft.com/python/python-in-visual-studio-code-may-2021-release/#configuring-your-language-server).

Read Pylance's license [here](https://marketplace.visualstudio.com/items/ms-python.vscode-pylance/license).
2023-09-12 07:14:45.611 [info] ExtensionService#_doActivateExtension vscode.git-base, startup: true, activationEvent: '*', root cause: vscode.git
2023-09-12 07:14:46.230 [info] ExtensionService#_doActivateExtension ms-python.vscode-pylance, startup: false, activationEvent: 'onLanguage:python'
2023-09-12 07:14:47.380 [info] ExtensionService#_doActivateExtension vscode.git, startup: true, activationEvent: '*'
2023-09-12 07:14:47.381 [info] ExtensionService#_doActivateExtension vscode.github, startup: true, activationEvent: '*'
2023-09-12 07:14:48.123 [info] Eager extensions activated
2023-09-12 07:14:48.125 [info] ExtensionService#_doActivateExtension vscode.debug-auto-launch, startup: false, activationEvent: 'onStartupFinished'
2023-09-12 07:14:48.126 [info] ExtensionService#_doActivateExtension vscode.merge-conflict, startup: false, activationEvent: 'onStartupFinished'
2023-09-12 07:47:17.534 [info] ExtensionService#_doActivateExtension vscode.html-language-features, startup: false, activationEvent: 'onLanguage:html'
2023-09-12 07:57:36.994 [error] [ms-python.python] provider FAILED
2023-09-12 07:57:36.995 [error] TypeError: Cannot read properties of undefined (reading 'data')
	at /home/pi/.vscode-server/extensions/ms-python.vscode-pylance-2023.9.10/dist/extension.bundle.js:1:70776
	at _0x14cc73 (/home/pi/.vscode-server/extensions/ms-python.vscode-pylance-2023.9.10/dist/extension.bundle.js:1:82543)
	at async pe.provideCompletionItems (/home/pi/.vscode-server/bin/8b617bd08fd9e3fc94d14adb8d358b56e3f72314/out/vs/workbench/api/node/extensionHostProcess.js:110:51158)
2023-09-12 08:08:01.449 [error] Error: read ECONNRESET
	at TLSWrap.onStreamRead (node:internal/stream_base_commons:217:20)
2023-09-12 11:31:02.979 [info] Extension host terminating: renderer disconnected for too long (1)
2023-09-12 11:31:02.984 [info] Lock '/home/pi/.vscode-server/data/User/workspaceStorage/0ea87f4e6c0839701d1d0de72d770595/vscode.lock': Marking the lockfile as scheduled to be released in 6000 ms.
2023-09-12 11:31:08.075 [info] Extension host with pid 7542 exiting with code 0
