2023-09-11 21:55:26.534 [info] Extension host with pid 2664 started
2023-09-11 21:55:26.618 [info] Lock '/home/pi/.vscode-server/data/User/workspaceStorage/0ea87f4e6c0839701d1d0de72d770595/vscode.lock': Lock acquired.
2023-09-11 21:55:26.692 [info] ExtensionService#_doActivateExtension vscode.git-base, startup: true, activationEvent: '*'
2023-09-11 21:55:27.035 [info] ExtensionService#_doActivateExtension vscode.github, startup: true, activationEvent: '*'
2023-09-11 21:55:27.331 [info] Eager extensions activated
2023-09-11 21:55:27.334 [info] ExtensionService#_doActivateExtension vscode.debug-auto-launch, startup: false, activationEvent: 'onStartupFinished'
2023-09-11 21:55:27.335 [info] ExtensionService#_doActivateExtension vscode.merge-conflict, startup: false, activationEvent: 'onStartupFinished'
2023-09-11 21:55:28.633 [info] ExtensionService#_doActivateExtension vscode.git, startup: false, activationEvent: 'api', root cause: vscode.github
2023-09-11 21:56:37.151 [info] ExtensionService#_doActivateExtension vscode.emmet, startup: false, activationEvent: 'onLanguage'
2023-09-11 21:57:25.037 [info] ExtensionService#_doActivateExtension ms-python.python, startup: false, activationEvent: 'onLanguage:python'
2023-09-11 21:57:25.610 [warning] Using default string since no string found in i18n bundle that has the key: You need to select a Python interpreter before you start debugging.

Tip: click on "Select Interpreter" in the status bar.
2023-09-11 21:57:25.610 [warning] Using default string since no string found in i18n bundle that has the key: The Python extension now includes Pylance to improve completions, code navigation, overall performance and much more! You can learn more about the update and learn how to change your language server [here](https://aka.ms/new-python-bundle).

Read Pylance's license [here](https://marketplace.visualstudio.com/items/ms-python.vscode-pylance/license).
2023-09-11 21:57:25.614 [warning] Using default string since no string found in i18n bundle that has the key: The Microsoft Python Language Server has reached end of life. Your language server has been set to the default for Python in VS Code, Pylance.

If you'd like to change your language server, you can learn about how to do so [here](https://devblogs.microsoft.com/python/python-in-visual-studio-code-may-2021-release/#configuring-your-language-server).

Read Pylance's license [here](https://marketplace.visualstudio.com/items/ms-python.vscode-pylance/license).
2023-09-11 21:57:26.436 [info] ExtensionService#_doActivateExtension ms-python.vscode-pylance, startup: false, activationEvent: 'onLanguage:python'
2023-09-11 22:11:14.166 [info] ExtensionService#_doActivateExtension vscode.html-language-features, startup: false, activationEvent: 'onLanguage:html'
2023-09-12 02:35:17.318 [info] Extension host terminating: renderer disconnected for too long (1)
2023-09-12 02:35:17.324 [info] Lock '/home/pi/.vscode-server/data/User/workspaceStorage/0ea87f4e6c0839701d1d0de72d770595/vscode.lock': Marking the lockfile as scheduled to be released in 6000 ms.
2023-09-12 02:35:22.410 [info] Extension host with pid 2664 exiting with code 0
