*
* Visual Studio Code Server
*
* By using the software, you agree to
* the Visual Studio Code Server License Terms (https://aka.ms/vscode-server-license) and
* the Microsoft Privacy Statement (https://privacy.microsoft.com/en-US/privacystatement).
*
Server bound to 127.0.0.1:35933 (IPv4)
Extension host agent listening on 35933

[14:46:28] 




[14:46:28] Extension host agent started.
[14:46:29] [127.0.0.1][6e47a08c][ExtensionHostConnection] New connection established.
[14:46:29] [127.0.0.1][a7d3422b][ManagementConnection] New connection established.
[14:46:29] [127.0.0.1][6e47a08c][ExtensionHostConnection] <11056> Launched Extension Host Process.
[14:46:34] Getting Manifest... ms-ceintl.vscode-language-pack-fr
[14:46:34] Getting Manifest... ms-ceintl.vscode-language-pack-fr
[14:46:34] Installing extension: ms-ceintl.vscode-language-pack-fr
[14:46:34] Extensions is already requested to install ms-ceintl.vscode-language-pack-fr
[14:46:38] Extension signature is verified: ms-ceintl.vscode-language-pack-fr
[14:46:39] Extracted extension to file:///home/pi/.vscode-server/extensions/ms-ceintl.vscode-language-pack-fr-1.82.2023091309: ms-ceintl.vscode-language-pack-fr
[14:46:39] Renamed to /home/pi/.vscode-server/extensions/ms-ceintl.vscode-language-pack-fr-1.82.2023091309
[14:46:39] Extracting extension completed. ms-ceintl.vscode-language-pack-fr
[14:46:39] Adding language packs from the extension ms-ceintl.vscode-language-pack-fr
[14:46:39] Marked extension as uninstalled ms-ceintl.vscode-language-pack-fr-1.82.2023090609
[14:46:39] Extension installed successfully: ms-ceintl.vscode-language-pack-fr
[14:46:41] Downloaded extension to file:///home/pi/.vscode-server/data/CachedExtensionVSIXs/fa6b590d-9eee-4dd2-8f15-46a3e76bab4a
[14:46:41] Installing extension: ms-ceintl.vscode-language-pack-fr
[14:46:41] Installing the extension without checking dependencies and pack ms-ceintl.vscode-language-pack-fr
[14:46:41] Deleted existing extension from disk ms-ceintl.vscode-language-pack-fr /home/pi/.vscode-server/extensions/ms-ceintl.vscode-language-pack-fr-1.82.2023091309
[14:46:42] Extracted extension to file:///home/pi/.vscode-server/extensions/ms-ceintl.vscode-language-pack-fr-1.82.2023091309: ms-ceintl.vscode-language-pack-fr
[14:46:42] Renamed to /home/pi/.vscode-server/extensions/ms-ceintl.vscode-language-pack-fr-1.82.2023091309
[14:46:42] Extracting extension completed. ms-ceintl.vscode-language-pack-fr
[14:46:42] Adding language packs from the extension ms-ceintl.vscode-language-pack-fr
[14:46:42] Extension installed successfully: ms-ceintl.vscode-language-pack-fr
New EH opened, aborting shutdown
[14:51:28] New EH opened, aborting shutdown
